C51 COMPILER V9.52.0.0   AUDIO                                                             07/18/2015 09:10:21 PAGE 1   


C51 COMPILER V9.52.0.0, COMPILATION OF MODULE AUDIO
OBJECT MODULE PLACED IN .\Object\audio.obj
COMPILER INVOKED BY: d:\Keil\C51\BIN\C51.EXE user\Driver\audio.c LARGE BROWSE INCDIR(.\user\Include) DEBUG OBJECTEXTEND 
                    -PRINT(.\Lst\audio.lst) TABS(2) OBJECT(.\Object\audio.obj)

line level    source

   1          #include <stc12c5a60s2.h>
   2          #include <intrins.h>
   3          #define uchar unsigned char
   4          #define uint  unsigned int
   5          sbit  BEEP=P2^1;//蜂鸣器引脚定义
   6          void delay500us()   //@32MHz
   7          {
   8   1        unsigned char i, j;
   9   1      
  10   1        i = 16;
  11   1        j = 141;
  12   1        do
  13   1        {
  14   2          while (--j);
  15   2        } while (--i);
  16   1      }
  17          
  18          void beep(int t)
  19          {
  20   1        uchar j;
  21   1        while(t)
  22   1        {
  23   2          for(j=200;j>0;j--)
  24   2        {
  25   3          BEEP=~BEEP;       //输出频率1KHz
  26   3          delay500us();       //延时500us
  27   3        }
  28   2      
  29   2        for(j=200;j>0;j--)
  30   2        {
  31   3          BEEP=~BEEP;       //输出频率500Hz
  32   3          delay500us();       //延时1ms
  33   3          delay500us();
  34   3        }
  35   2        t--;
  36   2        }
  37   1      }
  38          
  39          


MODULE INFORMATION:   STATIC OVERLAYABLE
   CODE SIZE        =     46    ----
   CONSTANT SIZE    =   ----    ----
   XDATA SIZE       =   ----    ----
   PDATA SIZE       =   ----    ----
   DATA SIZE        =   ----    ----
   IDATA SIZE       =   ----    ----
   BIT SIZE         =   ----    ----
END OF MODULE INFORMATION.


C51 COMPILATION COMPLETE.  0 WARNING(S),  0 ERROR(S)
