C51 COMPILER V9.52.0.0   LED                                                               07/19/2015 22:01:28 PAGE 1   


C51 COMPILER V9.52.0.0, COMPILATION OF MODULE LED
OBJECT MODULE PLACED IN .\Object\led.obj
COMPILER INVOKED BY: d:\Keil\C51\BIN\C51.EXE user\Driver\led.c LARGE BROWSE INCDIR(.\user\Include) DEBUG OBJECTEXTEND PR
                    -INT(.\Lst\led.lst) TABS(2) OBJECT(.\Object\led.obj)

line level    source

   1          #include "led.h"
   2          void InitLed()
   3          {
   4   1        LED1=1;
   5   1        LED2=1;
   6   1        LED3=1;
   7   1      }
   8          void SetLed(u8 led,bit stat)
   9          {
  10   1        switch(led)
  11   1        {
  12   2          case 1:LED1=stat;break;
  13   2          case 2:LED2=stat;break;
  14   2          case 3:LED3=stat;break;
  15   2        }
  16   1      }
  17          bit RedLed(u8 led)
  18          {
  19   1        switch(led)
  20   1        {
  21   2          case 1:return LED1;break;
  22   2          case 2:return LED2;break;
  23   2          case 3:return LED3;break;
  24   2        }
  25   1      }
*** WARNING C291 IN LINE 25 OF user\Driver\led.c: not every exit path returns a value


MODULE INFORMATION:   STATIC OVERLAYABLE
   CODE SIZE        =     55    ----
   CONSTANT SIZE    =   ----    ----
   XDATA SIZE       =   ----    ----
   PDATA SIZE       =   ----    ----
   DATA SIZE        =   ----    ----
   IDATA SIZE       =   ----    ----
   BIT SIZE         =   ----       1
END OF MODULE INFORMATION.


C51 COMPILATION COMPLETE.  1 WARNING(S),  0 ERROR(S)
