C51 COMPILER V9.00   MAIN                                                                  06/16/2015 10:57:56 PAGE 1   


C51 COMPILER V9.00, COMPILATION OF MODULE MAIN
OBJECT MODULE PLACED IN .\Object\main.obj
COMPILER INVOKED BY: d:\Keil\C51\BIN\C51.EXE user\main.c LARGE BROWSE INCDIR(.\user\LCD;.\user\W25Qxx;.\user;.\user\TOUC
                    -H;.\user\flash;.\user\ds1302;.\user\timer;.\user\GUI;.\user\ds18b20;.\user\usart) DEBUG OBJECTEXTEND PRINT(.\Lst\main.ls
                    -t) OBJECT(.\Object\main.obj)

line level    source

   1          /*********************************************************
   2          8位数据接口的彩屏（HX8347D）的例程，
   3          使用其他彩屏只需包含W25Qxx.c W25Qxx.h type_51.h文件，改相应IO口即可
   4          **********************************************************/
   5          
   6          #include "stc12c5a60s2.h"
   7          #include "w25qxx.h" 
   8          #include "type_51.h"
   9          #include "Touch.h"
  10          #include "ds1302.h"
  11          #include <string.h>
  12          #include "timer.h"
  13          #include "GUI.h"
  14          #include "18b20.h"
  15          //函数声明
  16          
  17          
  18          
  19          void main()
  20          {
  21   1      //      u8 code setime[7]={0x04,0x08,0x23,0x01,0x06,0x01,0x15};
  22   1              LCD_Initializtion();    
  23   1              font_init();            //字库初始化
  24   1              TP_Init();
  25   1              Ds1302_Init();
  26   1              Timer0Init();
  27   1      //      Ds1302_Write_Time(setime);//设定系统时间
  28   1              start_check();
  29   1              start_logo();
  30   1      //      while(1)
  31   1      //      {
  32   1      //              
  33   1      //      }
  34   1              
  35   1              desktop();
  36   1      }
  37          
  38          
  39          
  40          


MODULE INFORMATION:   STATIC OVERLAYABLE
   CODE SIZE        =     24    ----
   CONSTANT SIZE    =   ----    ----
   XDATA SIZE       =   ----    ----
   PDATA SIZE       =   ----    ----
   DATA SIZE        =   ----    ----
   IDATA SIZE       =   ----    ----
   BIT SIZE         =   ----    ----
END OF MODULE INFORMATION.


C51 COMPILATION COMPLETE.  0 WARNING(S),  0 ERROR(S)
