C51 COMPILER V9.52.0.0   PICBOX                                                            07/18/2015 09:33:36 PAGE 1   


C51 COMPILER V9.52.0.0, COMPILATION OF MODULE PICBOX
OBJECT MODULE PLACED IN .\Object\picbox.obj
COMPILER INVOKED BY: d:\Keil\C51\BIN\C51.EXE user\App\picbox.c LARGE BROWSE INCDIR(.\user\Include) DEBUG OBJECTEXTEND PR
                    -INT(.\Lst\picbox.lst) TABS(2) OBJECT(.\Object\picbox.obj)

line level    source

   1          #include<stc12c5a60s2.h>
   2          #include "w25qxx.h" 
   3          #include "type_51.h"
   4          #include "Touch.h"
   5          #include "ds1302.h"
   6          #include <string.h>
   7          #include "timer.h"
   8          #include "app.h"
   9          #include "type_51.h"
  10          #include "18b20.h"
  11          #include "ATCmd.h"
  12          #include "led.h"
  13          #include "audio.h"
  14          /****************************************************
  15          »­°å
  16          ***************************************************/
  17          void picbox()
  18          {
  19   1        u16 x,y;
  20   1        u16 color=Red;
  21   1        LCD_Clear(0x051d);
  22   1        LCD_DrawBox(0,0,240,288,White);
  23   1        LCD_DrawBox(0,264,240,24,0x051d);
  24   1        LCD_DrawBox(0,264,24,24,White);
  25   1        LCD_DrawBox(24,264,24,24,Black);
  26   1        LCD_DrawBox(48,264,24,24,Grey);
  27   1        LCD_DrawBox(72,264,24,24,Blue);
  28   1        LCD_DrawBox(96,264,24,24,Red);
  29   1        LCD_DrawBox(120,264,24,24,Magenta);
  30   1        LCD_DrawBox(144,264,24,24,Green);
  31   1        LCD_DrawBox(168,264,24,24,Cyan);
  32   1        LCD_DrawBox(192,264,24,24,Yellow);
  33   1        LCD_DrawBox(216,264,24,24,0xb723);
  34   1        guidshow();
  35   1        while(1)
  36   1        {
  37   2          Get_Click(&x,&y);
  38   2          if((y>0&&y<264)) TP_Draw_Big_Point(x,y,color);
  39   2          if(y>288&&y<320) guiddo(desktop,desktop,x);
  40   2          if(y>264&&y<288) 
  41   2            switch((u8)(x/24))
  42   2            {
  43   3              case 0:color=White;  break;
  44   3              case 1:color=Black; break;
  45   3              case 2:color=Grey;   break;
  46   3              case 3:color=Blue;   break;
  47   3              case 4:color=Red;    break;
  48   3              case 5:color=Magenta;break;
  49   3              case 6:color=Green;  break;
  50   3              case 7:color=Cyan;   break;
  51   3              case 8:color=Yellow; break;
  52   3              case 9:color=0xb723;break;
  53   3            }
  54   2        }
C51 COMPILER V9.52.0.0   PICBOX                                                            07/18/2015 09:33:36 PAGE 2   

  55   1      }


MODULE INFORMATION:   STATIC OVERLAYABLE
   CODE SIZE        =    712    ----
   CONSTANT SIZE    =   ----    ----
   XDATA SIZE       =   ----       6
   PDATA SIZE       =   ----    ----
   DATA SIZE        =   ----    ----
   IDATA SIZE       =   ----    ----
   BIT SIZE         =   ----    ----
END OF MODULE INFORMATION.


C51 COMPILATION COMPLETE.  0 WARNING(S),  0 ERROR(S)
