C51 COMPILER V9.52.0.0   STARTCH                                                           07/19/2015 22:01:27 PAGE 1   


C51 COMPILER V9.52.0.0, COMPILATION OF MODULE STARTCH
OBJECT MODULE PLACED IN .\Object\startch.obj
COMPILER INVOKED BY: d:\Keil\C51\BIN\C51.EXE user\App\startch.c LARGE BROWSE INCDIR(.\user\Include) DEBUG OBJECTEXTEND P
                    -RINT(.\Lst\startch.lst) TABS(2) OBJECT(.\Object\startch.obj)

line level    source

   1          #include "app.h"
   2          #include "hx8347d.h"
   3          #include "ds1302.h"
   4          #include "18b20.h"
   5          #include "led.h"
   6          #include "audio.h"
   7          extern u8 time[22];
   8          extern void gettime(u8 *);
   9          void start_check()
  10          {
  11   1        u8 temper[7];
  12   1        LCD_Clear(Black);
  13   1        GUI_Text(0,0,"Hardware Check Running",Green,Black);
  14   1        GUI_Text(0,16,"*******Flash Check*******",Green,Black);
  15   1        switch(W25Qxx_ReadID())
  16   1        {
  17   2          case W25Q80:Show_Str(0,32,"W25Q80",16,Red,White);break;
  18   2          case W25Q16:Show_Str(0,32,"W25Q16",16,Red,White);break;
  19   2          case W25Q32:Show_Str(0,32,"W25Q32",16,Red,White);break;
  20   2          case W25Q64:Show_Str(0,32,"W25Q64",16,Red,White);break; 
  21   2          default:GUI_Text(0,32,"Flash Error",Red,White);delay_ms(0xfff);break;
  22   2        }
  23   1        delay_ms(0xff);
  24   1        Show_Str(0,48,"****时钟检测****",16,Green,Black);
  25   1        Show_Str(0,64,"读取时间中...",16,Red,White);
  26   1        gettime(time);
  27   1        Show_Str(0,80,time,16,Red,White);
  28   1        delay_ms(0xff);
  29   1        Show_Str(0,96,"****温度检测****",16,Green,Black);
  30   1        Show_Str(0,112,"读取温度中...",16,Red,White);
  31   1        ReadTemperature(temper);
  32   1        delay_ms(0x7ff);
  33   1        ReadTemperature(temper);
  34   1        Show_Str(0,128,"当前温度:",16,Green,Nocolor);
  35   1        GUI_Text(80,128,temper,Red,White);
  36   1        Show_Str(0,144,"****LED检测****",16,Green,Black);
  37   1        LED1=0;
  38   1        Show_Str(0,160,"LED1 亮",16,Red,White);
  39   1        delay_ms(0x5ff);
  40   1        LED2=0;
  41   1        Show_Str(0,160,"LED2 亮",16,Red,White);
  42   1        delay_ms(0x5ff);
  43   1        LED3=0;
  44   1        Show_Str(0,160,"LED3 亮",16,Red,White);
  45   1        delay_ms(0x5ff);
  46   1        InitLed();
  47   1        Show_Str(0,160,"LED  关",16,Red,White);
  48   1        delay_ms(0x5ff);
  49   1        Show_Str(0,176,"****蜂鸣器检测****",16,Green,Black);
  50   1        Show_Str(0,192,"警报3声",16,Red,White);
  51   1        beep(3);
  52   1        delay_ms(0xfff);
  53   1      }

C51 COMPILER V9.52.0.0   STARTCH                                                           07/19/2015 22:01:27 PAGE 2   


MODULE INFORMATION:   STATIC OVERLAYABLE
   CODE SIZE        =    770    ----
   CONSTANT SIZE    =    236    ----
   XDATA SIZE       =   ----       7
   PDATA SIZE       =   ----    ----
   DATA SIZE        =   ----    ----
   IDATA SIZE       =   ----    ----
   BIT SIZE         =   ----    ----
END OF MODULE INFORMATION.


C51 COMPILATION COMPLETE.  0 WARNING(S),  0 ERROR(S)
